\BOOKMARK [1][]{section*.1}{\376\377\000E\000d\000u\000c\000a\000c\000i\000\363\000n}{}% 1
\BOOKMARK [1][]{section*.2}{\376\377\000E\000d\000u\000c\000a\000c\000i\000\363\000n\000\040\000O\000n\000l\000i\000n\000e}{}% 2
\BOOKMARK [1][]{section*.3}{\376\377\000T\000e\000s\000i\000s}{}% 3
\BOOKMARK [1][]{section*.4}{\376\377\000T\000e\000s\000i\000s\000\040\000d\000e\000\040\000m\000a\000e\000s\000t\000r\000\355\000a}{}% 4
\BOOKMARK [1][]{section*.5}{\376\377\000E\000x\000p\000e\000r\000i\000e\000n\000c\000i\000a}{}% 5
\BOOKMARK [1][]{section*.6}{\376\377\000D\000o\000c\000e\000n\000c\000i\000a\000\040\000i\000m\000p\000a\000r\000t\000i\000d\000a}{}% 6
\BOOKMARK [1][]{section*.7}{\376\377\000T\000u\000t\000o\000r\000\355\000a\000\040\000d\000e\000\040\000t\000e\000s\000i\000s}{}% 7
\BOOKMARK [1][]{section*.8}{\376\377\000O\000p\000o\000n\000e\000n\000c\000i\000a\000\040\000d\000e\000\040\000t\000e\000s\000i\000s}{}% 8
\BOOKMARK [1][]{section*.9}{\376\377\000L\000e\000n\000g\000u\000a\000j\000e\000s}{}% 9
\BOOKMARK [1][]{section*.10}{\376\377\000H\000e\000r\000r\000a\000m\000i\000e\000n\000t\000a\000s\000\040\000y\000\040\000t\000e\000c\000n\000o\000l\000o\000g\000\355\000a\000s}{}% 10
\BOOKMARK [1][]{section*.11}{\376\377\000P\000u\000b\000l\000i\000c\000a\000c\000i\000o\000n\000e\000s}{}% 11
\BOOKMARK [1][]{section*.12}{\376\377\000E\000v\000e\000n\000t\000o\000s}{}% 12
\BOOKMARK [1][]{section*.13}{\376\377\000I\000n\000v\000e\000s\000t\000i\000g\000a\000c\000i\000o\000n\000e\000s}{}% 13
\BOOKMARK [1][]{section*.14}{\376\377\000R\000e\000c\000o\000n\000o\000c\000i\000m\000i\000e\000n\000t\000o\000s}{}% 14
\BOOKMARK [1][]{section*.15}{\376\377\000E\000d\000u\000c\000a\000c\000i\000\363\000n}{}% 15
\BOOKMARK [1][]{section*.16}{\376\377\000E\000d\000u\000c\000a\000c\000i\000\363\000n\000\040\000O\000n\000l\000i\000n\000e}{}% 16
\BOOKMARK [1][]{section*.17}{\376\377\000T\000e\000s\000i\000s}{}% 17
\BOOKMARK [1][]{section*.18}{\376\377\000T\000e\000s\000i\000s\000\040\000d\000e\000\040\000m\000a\000e\000s\000t\000r\000\355\000a}{}% 18
\BOOKMARK [1][]{section*.19}{\376\377\000E\000x\000p\000e\000r\000i\000e\000n\000c\000i\000a}{}% 19
\BOOKMARK [1][]{section*.20}{\376\377\000D\000o\000c\000e\000n\000c\000i\000a\000\040\000i\000m\000p\000a\000r\000t\000i\000d\000a}{}% 20
\BOOKMARK [1][]{section*.21}{\376\377\000T\000u\000t\000o\000r\000\355\000a\000\040\000d\000e\000\040\000t\000e\000s\000i\000s}{}% 21
\BOOKMARK [1][]{section*.22}{\376\377\000O\000p\000o\000n\000e\000n\000c\000i\000a\000\040\000d\000e\000\040\000t\000e\000s\000i\000s}{}% 22
\BOOKMARK [1][]{section*.23}{\376\377\000L\000e\000n\000g\000u\000a\000j\000e\000s}{}% 23
\BOOKMARK [1][]{section*.24}{\376\377\000H\000e\000r\000r\000a\000m\000i\000e\000n\000t\000a\000s\000\040\000y\000\040\000t\000e\000c\000n\000o\000l\000o\000g\000\355\000a\000s}{}% 24
\BOOKMARK [1][]{section*.25}{\376\377\000P\000u\000b\000l\000i\000c\000a\000c\000i\000o\000n\000e\000s}{}% 25
\BOOKMARK [1][]{section*.26}{\376\377\000E\000v\000e\000n\000t\000o\000s}{}% 26
\BOOKMARK [1][]{section*.27}{\376\377\000I\000n\000v\000e\000s\000t\000i\000g\000a\000c\000i\000o\000n\000e\000s}{}% 27
\BOOKMARK [1][]{section*.28}{\376\377\000R\000e\000c\000o\000n\000o\000c\000i\000m\000i\000e\000n\000t\000o\000s}{}% 28
